[
  {
    "line": 2,
    "elements": [
      {
        "line": 4,
        "name": "",
        "description": "",
        "type": "background",
        "keyword": "Background",
        "steps": [
          {
            "result": {
              "duration": 270600,
              "status": "passed"
            },
            "before": [
              {
                "output": [
                  "Started"
                ],
                "result": {
                  "duration": 222200,
                  "status": "passed"
                },
                "match": {
                  "location": "HooksDemo.beforeSteps(Scenario)"
                }
              }
            ],
            "line": 5,
            "name": "User click on the Login Link",
            "match": {
              "location": "Loginsteps.userClickOnTheLoginLink()"
            },
            "after": [
              {
                "output": [
                  "Finished"
                ],
                "result": {
                  "duration": 70200,
                  "status": "passed"
                },
                "match": {
                  "location": "HooksDemo.afterSteps(Scenario)"
                }
              }
            ],
            "keyword": "Given "
          }
        ]
      },
      {
        "before": [
          {
            "result": {
              "duration": 2211295900,
              "status": "passed"
            },
            "match": {
              "location": "HooksDemo.beforeScenario(Scenario)"
            }
          }
        ],
        "line": 16,
        "name": "Login should be success",
        "description": "",
        "id": "swag-labs-application;login-should-be-success;;2",
        "after": [
          {
            "result": {
              "error_message": "java.lang.NullPointerException: Cannot invoke \"org.openqa.selenium.remote.RemoteWebDriver.getScreenshotAs(org.openqa.selenium.OutputType)\" because \"hooks.HooksDemo.driver\" is null\r\n\tat hooks.HooksDemo.afterScenario(HooksDemo.java:35)\r\n\tat java.base/jdk.internal.reflect.DirectMethodHandleAccessor.invoke(DirectMethodHandleAccessor.java:103)\r\n\tat java.base/java.lang.reflect.Method.invoke(Method.java:580)\r\n\tat cucumber.runtime.Utils$1.call(Utils.java:26)\r\n\tat cucumber.runtime.Timeout.timeout(Timeout.java:16)\r\n\tat cucumber.runtime.Utils.invoke(Utils.java:20)\r\n\tat cucumber.runtime.java.JavaHookDefinition.execute(JavaHookDefinition.java:60)\r\n\tat cucumber.runner.HookDefinitionMatch.runStep(HookDefinitionMatch.java:16)\r\n\tat cucumber.runner.TestStep.executeStep(TestStep.java:63)\r\n\tat cucumber.runner.TestStep.run(TestStep.java:49)\r\n\tat cucumber.runner.TestCase.run(TestCase.java:48)\r\n\tat cucumber.runner.Runner.runPickle(Runner.java:40)\r\n\tat cucumber.api.testng.TestNGCucumberRunner.runScenario(TestNGCucumberRunner.java:65)\r\n\tat cucumber.api.testng.AbstractTestNGCucumberTests.runScenario(AbstractTestNGCucumberTests.java:22)\r\n\tat java.base/jdk.internal.reflect.DirectMethodHandleAccessor.invoke(DirectMethodHandleAccessor.java:103)\r\n\tat java.base/java.lang.reflect.Method.invoke(Method.java:580)\r\n\tat org.testng.internal.MethodInvocationHelper.invokeMethod(MethodInvocationHelper.java:134)\r\n\tat org.testng.internal.TestInvoker.invokeMethod(TestInvoker.java:597)\r\n\tat org.testng.internal.TestInvoker.invokeTestMethod(TestInvoker.java:173)\r\n\tat org.testng.internal.MethodRunner.runInSequence(MethodRunner.java:46)\r\n\tat org.testng.internal.TestInvoker$MethodInvocationAgent.invoke(TestInvoker.java:816)\r\n\tat org.testng.internal.TestInvoker.invokeTestMethods(TestInvoker.java:146)\r\n\tat org.testng.internal.TestMethodWorker.invokeTestMethods(TestMethodWorker.java:146)\r\n\tat org.testng.internal.TestMethodWorker.run(TestMethodWorker.java:128)\r\n\tat java.base/java.util.ArrayList.forEach(ArrayList.java:1597)\r\n\tat org.testng.TestRunner.privateRun(TestRunner.java:766)\r\n\tat org.testng.TestRunner.run(TestRunner.java:587)\r\n\tat org.testng.SuiteRunner.runTest(SuiteRunner.java:384)\r\n\tat org.testng.SuiteRunner.runSequentially(SuiteRunner.java:378)\r\n\tat org.testng.SuiteRunner.privateRun(SuiteRunner.java:337)\r\n\tat org.testng.SuiteRunner.run(SuiteRunner.java:286)\r\n\tat org.testng.SuiteRunnerWorker.runSuite(SuiteRunnerWorker.java:53)\r\n\tat org.testng.SuiteRunnerWorker.run(SuiteRunnerWorker.java:96)\r\n\tat org.testng.TestNG.runSuitesSequentially(TestNG.java:1187)\r\n\tat org.testng.TestNG.runSuitesLocally(TestNG.java:1109)\r\n\tat org.testng.TestNG.runSuites(TestNG.java:1039)\r\n\tat org.testng.TestNG.run(TestNG.java:1007)\r\n\tat com.intellij.rt.testng.IDEARemoteTestNG.run(IDEARemoteTestNG.java:65)\r\n\tat com.intellij.rt.testng.RemoteTestNGStarter.main(RemoteTestNGStarter.java:105)\r\n",
              "duration": 1019900,
              "status": "failed"
            },
            "match": {
              "location": "HooksDemo.afterScenario(Scenario)"
            }
          }
        ],
        "type": "scenario",
        "keyword": "Scenario Outline",
        "steps": [
          {
            "result": {
              "error_message": "java.lang.NullPointerException: Cannot invoke \"org.openqa.selenium.remote.RemoteWebDriver.findElement(org.openqa.selenium.By)\" because \"steps.Loginsteps.driver\" is null\r\n\tat steps.Loginsteps.userEntersTheUsernameAsSathishkumarsekarGmailCom(Loginsteps.java:20)\r\n\tat ✽.User enters the username as \"standard_user\"(src\\main\\features\\resource.feature:9)\r\n",
              "duration": 1132300,
              "status": "failed"
            },
            "before": [
              {
                "output": [
                  "Started"
                ],
                "result": {
                  "duration": 14500,
                  "status": "passed"
                },
                "match": {
                  "location": "HooksDemo.beforeSteps(Scenario)"
                }
              }
            ],
            "line": 9,
            "name": "User enters the username as \"standard_user\"",
            "match": {
              "arguments": [
                {
                  "val": "\"standard_user\"",
                  "offset": 28
                }
              ],
              "location": "Loginsteps.userEntersTheUsernameAsSathishkumarsekarGmailCom(String)"
            },
            "after": [
              {
                "output": [
                  "Finished"
                ],
                "result": {
                  "duration": 19100,
                  "status": "passed"
                },
                "match": {
                  "location": "HooksDemo.afterSteps(Scenario)"
                }
              }
            ],
            "keyword": "And "
          },
          {
            "result": {
              "duration": 1600,
              "status": "skipped"
            },
            "before": [
              {
                "result": {
                  "duration": 4900,
                  "status": "skipped"
                },
                "match": {
                  "location": "HooksDemo.beforeSteps(Scenario)"
                }
              }
            ],
            "line": 10,
            "name": "User enters the Password as \"secret_sauce\"",
            "match": {
              "arguments": [
                {
                  "val": "\"secret_sauce\"",
                  "offset": 28
                }
              ],
              "location": "Loginsteps.userEntersThePasswordAsSaiz(String)"
            },
            "after": [
              {
                "result": {
                  "duration": 1200,
                  "status": "skipped"
                },
                "match": {
                  "location": "HooksDemo.afterSteps(Scenario)"
                }
              }
            ],
            "keyword": "And "
          },
          {
            "result": {
              "duration": 1300,
              "status": "skipped"
            },
            "before": [
              {
                "result": {
                  "duration": 1300,
                  "status": "skipped"
                },
                "match": {
                  "location": "HooksDemo.beforeSteps(Scenario)"
                }
              }
            ],
            "line": 11,
            "name": "User click on the login button",
            "match": {
              "location": "Loginsteps.userClickOnTheLoginButton()"
            },
            "after": [
              {
                "result": {
                  "duration": 1100,
                  "status": "skipped"
                },
                "match": {
                  "location": "HooksDemo.afterSteps(Scenario)"
                }
              }
            ],
            "keyword": "When "
          },
          {
            "result": {
              "duration": 1200,
              "status": "skipped"
            },
            "before": [
              {
                "result": {
                  "duration": 1100,
                  "status": "skipped"
                },
                "match": {
                  "location": "HooksDemo.beforeSteps(Scenario)"
                }
              }
            ],
            "line": 12,
            "name": "Login should be success",
            "match": {
              "location": "Loginsteps.loginShouldBeSuccess()"
            },
            "after": [
              {
                "result": {
                  "duration": 1000,
                  "status": "skipped"
                },
                "match": {
                  "location": "HooksDemo.afterSteps(Scenario)"
                }
              }
            ],
            "keyword": "Then "
          }
        ],
        "tags": [
          {
            "name": "@E2E"
          },
          {
            "name": "@reg"
          },
          {
            "name": "@dev"
          }
        ]
      },
      {
        "line": 4,
        "name": "",
        "description": "",
        "type": "background",
        "keyword": "Background",
        "steps": [
          {
            "result": {
              "duration": 94400,
              "status": "passed"
            },
            "before": [
              {
                "output": [
                  "Started"
                ],
                "result": {
                  "duration": 48100,
                  "status": "passed"
                },
                "match": {
                  "location": "HooksDemo.beforeSteps(Scenario)"
                }
              }
            ],
            "line": 5,
            "name": "User click on the Login Link",
            "match": {
              "location": "Loginsteps.userClickOnTheLoginLink()"
            },
            "after": [
              {
                "output": [
                  "Finished"
                ],
                "result": {
                  "duration": 12000,
                  "status": "passed"
                },
                "match": {
                  "location": "HooksDemo.afterSteps(Scenario)"
                }
              }
            ],
            "keyword": "Given "
          }
        ]
      },
      {
        "before": [
          {
            "result": {
              "duration": 1641199000,
              "status": "passed"
            },
            "match": {
              "location": "HooksDemo.beforeScenario(Scenario)"
            }
          }
        ],
        "line": 17,
        "name": "Login should be success",
        "description": "",
        "id": "swag-labs-application;login-should-be-success;;3",
        "after": [
          {
            "result": {
              "error_message": "java.lang.NullPointerException: Cannot invoke \"org.openqa.selenium.remote.RemoteWebDriver.getScreenshotAs(org.openqa.selenium.OutputType)\" because \"hooks.HooksDemo.driver\" is null\r\n\tat hooks.HooksDemo.afterScenario(HooksDemo.java:35)\r\n\tat java.base/jdk.internal.reflect.DirectMethodHandleAccessor.invoke(DirectMethodHandleAccessor.java:103)\r\n\tat java.base/java.lang.reflect.Method.invoke(Method.java:580)\r\n\tat cucumber.runtime.Utils$1.call(Utils.java:26)\r\n\tat cucumber.runtime.Timeout.timeout(Timeout.java:16)\r\n\tat cucumber.runtime.Utils.invoke(Utils.java:20)\r\n\tat cucumber.runtime.java.JavaHookDefinition.execute(JavaHookDefinition.java:60)\r\n\tat cucumber.runner.HookDefinitionMatch.runStep(HookDefinitionMatch.java:16)\r\n\tat cucumber.runner.TestStep.executeStep(TestStep.java:63)\r\n\tat cucumber.runner.TestStep.run(TestStep.java:49)\r\n\tat cucumber.runner.TestCase.run(TestCase.java:48)\r\n\tat cucumber.runner.Runner.runPickle(Runner.java:40)\r\n\tat cucumber.api.testng.TestNGCucumberRunner.runScenario(TestNGCucumberRunner.java:65)\r\n\tat cucumber.api.testng.AbstractTestNGCucumberTests.runScenario(AbstractTestNGCucumberTests.java:22)\r\n\tat java.base/jdk.internal.reflect.DirectMethodHandleAccessor.invoke(DirectMethodHandleAccessor.java:103)\r\n\tat java.base/java.lang.reflect.Method.invoke(Method.java:580)\r\n\tat org.testng.internal.MethodInvocationHelper.invokeMethod(MethodInvocationHelper.java:134)\r\n\tat org.testng.internal.TestInvoker.invokeMethod(TestInvoker.java:597)\r\n\tat org.testng.internal.TestInvoker.invokeTestMethod(TestInvoker.java:173)\r\n\tat org.testng.internal.MethodRunner.runInSequence(MethodRunner.java:46)\r\n\tat org.testng.internal.TestInvoker$MethodInvocationAgent.invoke(TestInvoker.java:816)\r\n\tat org.testng.internal.TestInvoker.invokeTestMethods(TestInvoker.java:146)\r\n\tat org.testng.internal.TestMethodWorker.invokeTestMethods(TestMethodWorker.java:146)\r\n\tat org.testng.internal.TestMethodWorker.run(TestMethodWorker.java:128)\r\n\tat java.base/java.util.ArrayList.forEach(ArrayList.java:1597)\r\n\tat org.testng.TestRunner.privateRun(TestRunner.java:766)\r\n\tat org.testng.TestRunner.run(TestRunner.java:587)\r\n\tat org.testng.SuiteRunner.runTest(SuiteRunner.java:384)\r\n\tat org.testng.SuiteRunner.runSequentially(SuiteRunner.java:378)\r\n\tat org.testng.SuiteRunner.privateRun(SuiteRunner.java:337)\r\n\tat org.testng.SuiteRunner.run(SuiteRunner.java:286)\r\n\tat org.testng.SuiteRunnerWorker.runSuite(SuiteRunnerWorker.java:53)\r\n\tat org.testng.SuiteRunnerWorker.run(SuiteRunnerWorker.java:96)\r\n\tat org.testng.TestNG.runSuitesSequentially(TestNG.java:1187)\r\n\tat org.testng.TestNG.runSuitesLocally(TestNG.java:1109)\r\n\tat org.testng.TestNG.runSuites(TestNG.java:1039)\r\n\tat org.testng.TestNG.run(TestNG.java:1007)\r\n\tat com.intellij.rt.testng.IDEARemoteTestNG.run(IDEARemoteTestNG.java:65)\r\n\tat com.intellij.rt.testng.RemoteTestNGStarter.main(RemoteTestNGStarter.java:105)\r\n",
              "duration": 102500,
              "status": "failed"
            },
            "match": {
              "location": "HooksDemo.afterScenario(Scenario)"
            }
          }
        ],
        "type": "scenario",
        "keyword": "Scenario Outline",
        "steps": [
          {
            "result": {
              "error_message": "java.lang.NullPointerException: Cannot invoke \"org.openqa.selenium.remote.RemoteWebDriver.findElement(org.openqa.selenium.By)\" because \"steps.Loginsteps.driver\" is null\r\n\tat steps.Loginsteps.userEntersTheUsernameAsSathishkumarsekarGmailCom(Loginsteps.java:20)\r\n\tat ✽.User enters the username as \"visual_user\"(src\\main\\features\\resource.feature:9)\r\n",
              "duration": 201900,
              "status": "failed"
            },
            "before": [
              {
                "output": [
                  "Started"
                ],
                "result": {
                  "duration": 7900,
                  "status": "passed"
                },
                "match": {
                  "location": "HooksDemo.beforeSteps(Scenario)"
                }
              }
            ],
            "line": 9,
            "name": "User enters the username as \"visual_user\"",
            "match": {
              "arguments": [
                {
                  "val": "\"visual_user\"",
                  "offset": 28
                }
              ],
              "location": "Loginsteps.userEntersTheUsernameAsSathishkumarsekarGmailCom(String)"
            },
            "after": [
              {
                "output": [
                  "Finished"
                ],
                "result": {
                  "duration": 11700,
                  "status": "passed"
                },
                "match": {
                  "location": "HooksDemo.afterSteps(Scenario)"
                }
              }
            ],
            "keyword": "And "
          },
          {
            "result": {
              "duration": 1200,
              "status": "skipped"
            },
            "before": [
              {
                "result": {
                  "duration": 1500,
                  "status": "skipped"
                },
                "match": {
                  "location": "HooksDemo.beforeSteps(Scenario)"
                }
              }
            ],
            "line": 10,
            "name": "User enters the Password as \"secret_sauce\"",
            "match": {
              "arguments": [
                {
                  "val": "\"secret_sauce\"",
                  "offset": 28
                }
              ],
              "location": "Loginsteps.userEntersThePasswordAsSaiz(String)"
            },
            "after": [
              {
                "result": {
                  "duration": 1200,
                  "status": "skipped"
                },
                "match": {
                  "location": "HooksDemo.afterSteps(Scenario)"
                }
              }
            ],
            "keyword": "And "
          },
          {
            "result": {
              "duration": 1000,
              "status": "skipped"
            },
            "before": [
              {
                "result": {
                  "duration": 1000,
                  "status": "skipped"
                },
                "match": {
                  "location": "HooksDemo.beforeSteps(Scenario)"
                }
              }
            ],
            "line": 11,
            "name": "User click on the login button",
            "match": {
              "location": "Loginsteps.userClickOnTheLoginButton()"
            },
            "after": [
              {
                "result": {
                  "duration": 1000,
                  "status": "skipped"
                },
                "match": {
                  "location": "HooksDemo.afterSteps(Scenario)"
                }
              }
            ],
            "keyword": "When "
          },
          {
            "result": {
              "duration": 1200,
              "status": "skipped"
            },
            "before": [
              {
                "result": {
                  "duration": 3900,
                  "status": "skipped"
                },
                "match": {
                  "location": "HooksDemo.beforeSteps(Scenario)"
                }
              }
            ],
            "line": 12,
            "name": "Login should be success",
            "match": {
              "location": "Loginsteps.loginShouldBeSuccess()"
            },
            "after": [
              {
                "result": {
                  "duration": 1000,
                  "status": "skipped"
                },
                "match": {
                  "location": "HooksDemo.afterSteps(Scenario)"
                }
              }
            ],
            "keyword": "Then "
          }
        ],
        "tags": [
          {
            "name": "@E2E"
          },
          {
            "name": "@reg"
          },
          {
            "name": "@dev"
          }
        ]
      },
      {
        "line": 4,
        "name": "",
        "description": "",
        "type": "background",
        "keyword": "Background",
        "steps": [
          {
            "result": {
              "duration": 80500,
              "status": "passed"
            },
            "before": [
              {
                "output": [
                  "Started"
                ],
                "result": {
                  "duration": 42300,
                  "status": "passed"
                },
                "match": {
                  "location": "HooksDemo.beforeSteps(Scenario)"
                }
              }
            ],
            "line": 5,
            "name": "User click on the Login Link",
            "match": {
              "location": "Loginsteps.userClickOnTheLoginLink()"
            },
            "after": [
              {
                "output": [
                  "Finished"
                ],
                "result": {
                  "duration": 11500,
                  "status": "passed"
                },
                "match": {
                  "location": "HooksDemo.afterSteps(Scenario)"
                }
              }
            ],
            "keyword": "Given "
          }
        ]
      },
      {
        "before": [
          {
            "result": {
              "duration": 1545434200,
              "status": "passed"
            },
            "match": {
              "location": "HooksDemo.beforeScenario(Scenario)"
            }
          }
        ],
        "line": 25,
        "name": "Login should fail",
        "description": "",
        "id": "swag-labs-application;login-should-fail",
        "after": [
          {
            "result": {
              "error_message": "java.lang.NullPointerException: Cannot invoke \"org.openqa.selenium.remote.RemoteWebDriver.getScreenshotAs(org.openqa.selenium.OutputType)\" because \"hooks.HooksDemo.driver\" is null\r\n\tat hooks.HooksDemo.afterScenario(HooksDemo.java:35)\r\n\tat java.base/jdk.internal.reflect.DirectMethodHandleAccessor.invoke(DirectMethodHandleAccessor.java:103)\r\n\tat java.base/java.lang.reflect.Method.invoke(Method.java:580)\r\n\tat cucumber.runtime.Utils$1.call(Utils.java:26)\r\n\tat cucumber.runtime.Timeout.timeout(Timeout.java:16)\r\n\tat cucumber.runtime.Utils.invoke(Utils.java:20)\r\n\tat cucumber.runtime.java.JavaHookDefinition.execute(JavaHookDefinition.java:60)\r\n\tat cucumber.runner.HookDefinitionMatch.runStep(HookDefinitionMatch.java:16)\r\n\tat cucumber.runner.TestStep.executeStep(TestStep.java:63)\r\n\tat cucumber.runner.TestStep.run(TestStep.java:49)\r\n\tat cucumber.runner.TestCase.run(TestCase.java:48)\r\n\tat cucumber.runner.Runner.runPickle(Runner.java:40)\r\n\tat cucumber.api.testng.TestNGCucumberRunner.runScenario(TestNGCucumberRunner.java:65)\r\n\tat cucumber.api.testng.AbstractTestNGCucumberTests.runScenario(AbstractTestNGCucumberTests.java:22)\r\n\tat java.base/jdk.internal.reflect.DirectMethodHandleAccessor.invoke(DirectMethodHandleAccessor.java:103)\r\n\tat java.base/java.lang.reflect.Method.invoke(Method.java:580)\r\n\tat org.testng.internal.MethodInvocationHelper.invokeMethod(MethodInvocationHelper.java:134)\r\n\tat org.testng.internal.TestInvoker.invokeMethod(TestInvoker.java:597)\r\n\tat org.testng.internal.TestInvoker.invokeTestMethod(TestInvoker.java:173)\r\n\tat org.testng.internal.MethodRunner.runInSequence(MethodRunner.java:46)\r\n\tat org.testng.internal.TestInvoker$MethodInvocationAgent.invoke(TestInvoker.java:816)\r\n\tat org.testng.internal.TestInvoker.invokeTestMethods(TestInvoker.java:146)\r\n\tat org.testng.internal.TestMethodWorker.invokeTestMethods(TestMethodWorker.java:146)\r\n\tat org.testng.internal.TestMethodWorker.run(TestMethodWorker.java:128)\r\n\tat java.base/java.util.ArrayList.forEach(ArrayList.java:1597)\r\n\tat org.testng.TestRunner.privateRun(TestRunner.java:766)\r\n\tat org.testng.TestRunner.run(TestRunner.java:587)\r\n\tat org.testng.SuiteRunner.runTest(SuiteRunner.java:384)\r\n\tat org.testng.SuiteRunner.runSequentially(SuiteRunner.java:378)\r\n\tat org.testng.SuiteRunner.privateRun(SuiteRunner.java:337)\r\n\tat org.testng.SuiteRunner.run(SuiteRunner.java:286)\r\n\tat org.testng.SuiteRunnerWorker.runSuite(SuiteRunnerWorker.java:53)\r\n\tat org.testng.SuiteRunnerWorker.run(SuiteRunnerWorker.java:96)\r\n\tat org.testng.TestNG.runSuitesSequentially(TestNG.java:1187)\r\n\tat org.testng.TestNG.runSuitesLocally(TestNG.java:1109)\r\n\tat org.testng.TestNG.runSuites(TestNG.java:1039)\r\n\tat org.testng.TestNG.run(TestNG.java:1007)\r\n\tat com.intellij.rt.testng.IDEARemoteTestNG.run(IDEARemoteTestNG.java:65)\r\n\tat com.intellij.rt.testng.RemoteTestNGStarter.main(RemoteTestNGStarter.java:105)\r\n",
              "duration": 104800,
              "status": "failed"
            },
            "match": {
              "location": "HooksDemo.afterScenario(Scenario)"
            }
          }
        ],
        "type": "scenario",
        "keyword": "Scenario",
        "steps": [
          {
            "result": {
              "error_message": "java.lang.NullPointerException: Cannot invoke \"org.openqa.selenium.remote.RemoteWebDriver.findElement(org.openqa.selenium.By)\" because \"steps.Loginsteps.driver\" is null\r\n\tat steps.Loginsteps.userEntersTheUsernameAsSathishkumarsekarGmailCom(Loginsteps.java:20)\r\n\tat ✽.User enters the username as \"sathishkumarsekar1995@gmail.com\"(src\\main\\features\\resource.feature:26)\r\n",
              "duration": 167500,
              "status": "failed"
            },
            "before": [
              {
                "output": [
                  "Started"
                ],
                "result": {
                  "duration": 7300,
                  "status": "passed"
                },
                "match": {
                  "location": "HooksDemo.beforeSteps(Scenario)"
                }
              }
            ],
            "line": 26,
            "name": "User enters the username as \"sathishkumarsekar1995@gmail.com\"",
            "match": {
              "arguments": [
                {
                  "val": "\"sathishkumarsekar1995@gmail.com\"",
                  "offset": 28
                }
              ],
              "location": "Loginsteps.userEntersTheUsernameAsSathishkumarsekarGmailCom(String)"
            },
            "after": [
              {
                "output": [
                  "Finished"
                ],
                "result": {
                  "duration": 11000,
                  "status": "passed"
                },
                "match": {
                  "location": "HooksDemo.afterSteps(Scenario)"
                }
              }
            ],
            "keyword": "And "
          },
          {
            "result": {
              "duration": 1400,
              "status": "skipped"
            },
            "before": [
              {
                "result": {
                  "duration": 1500,
                  "status": "skipped"
                },
                "match": {
                  "location": "HooksDemo.beforeSteps(Scenario)"
                }
              }
            ],
            "line": 27,
            "name": "User enters the Password as \"1208@Sa\"",
            "match": {
              "arguments": [
                {
                  "val": "\"1208@Sa\"",
                  "offset": 28
                }
              ],
              "location": "Loginsteps.userEntersThePasswordAsSaiz(String)"
            },
            "after": [
              {
                "result": {
                  "duration": 1000,
                  "status": "skipped"
                },
                "match": {
                  "location": "HooksDemo.afterSteps(Scenario)"
                }
              }
            ],
            "keyword": "And "
          },
          {
            "result": {
              "duration": 1600,
              "status": "skipped"
            },
            "before": [
              {
                "result": {
                  "duration": 1800,
                  "status": "skipped"
                },
                "match": {
                  "location": "HooksDemo.beforeSteps(Scenario)"
                }
              }
            ],
            "line": 28,
            "name": "User click on the login button",
            "match": {
              "location": "Loginsteps.userClickOnTheLoginButton()"
            },
            "after": [
              {
                "result": {
                  "duration": 1600,
                  "status": "skipped"
                },
                "match": {
                  "location": "HooksDemo.afterSteps(Scenario)"
                }
              }
            ],
            "keyword": "When "
          },
          {
            "result": {
              "duration": 1700,
              "status": "skipped"
            },
            "before": [
              {
                "result": {
                  "duration": 1600,
                  "status": "skipped"
                },
                "match": {
                  "location": "HooksDemo.beforeSteps(Scenario)"
                }
              }
            ],
            "line": 29,
            "name": "Login should be fail",
            "match": {
              "location": "Loginsteps.loginShouldBeFail()"
            },
            "after": [
              {
                "result": {
                  "duration": 1000,
                  "status": "skipped"
                },
                "match": {
                  "location": "HooksDemo.afterSteps(Scenario)"
                }
              }
            ],
            "keyword": "But "
          }
        ],
        "tags": [
          {
            "name": "@E2E"
          },
          {
            "name": "@smoke"
          },
          {
            "name": "@reg"
          }
        ]
      }
    ],
    "name": "Swag Labs application",
    "description": "",
    "id": "swag-labs-application",
    "keyword": "Feature",
    "uri": "src\\main\\features\\resource.feature",
    "tags": [
      {
        "name": "@E2E",
        "type": "Tag",
        "location": {
          "line": 1,
          "column": 1
        }
      }
    ]
  }
]